0 info it worked if it ends with ok
1 verbose cli [ 'node', '/usr/local/bin/npm', 'install', 'nodemon', '-g' ]
2 info using npm@1.2.2
3 info using node@v0.8.18
4 verbose read json /usr/local/lib/package.json
5 verbose read json /usr/local/lib/package.json
6 verbose cache add [ 'nodemon', null ]
7 verbose cache add name=undefined spec="nodemon" args=["nodemon",null]
8 verbose parsed url { pathname: 'nodemon', path: 'nodemon', href: 'nodemon' }
9 silly lockFile 1625b929-nodemon nodemon
10 verbose lock nodemon /Users/Scott/.npm/1625b929-nodemon.lock
11 silly lockFile 1625b929-nodemon nodemon
12 verbose addNamed [ 'nodemon', '' ]
13 verbose addNamed [ null, '' ]
14 silly lockFile 4f5e51c6-nodemon nodemon@
15 verbose lock nodemon@ /Users/Scott/.npm/4f5e51c6-nodemon.lock
16 silly addNameRange { name: 'nodemon', range: '', hasData: false }
17 verbose url raw nodemon
18 verbose url resolving [ 'https://registry.npmjs.org/', './nodemon' ]
19 verbose url resolved https://registry.npmjs.org/nodemon
20 info trying registry request attempt 1 at 00:22:24
21 http GET https://registry.npmjs.org/nodemon
22 http 200 https://registry.npmjs.org/nodemon
23 silly registry.get cb [ 200,
23 silly registry.get   { vary: 'Accept',
23 silly registry.get     server: 'CouchDB/1.2.1 (Erlang OTP/R15B03)',
23 silly registry.get     etag: '"AKOWJBXOCJJWBH469CUUDPPD1"',
23 silly registry.get     date: 'Mon, 25 Mar 2013 04:22:25 GMT',
23 silly registry.get     'content-type': 'application/json',
23 silly registry.get     'content-length': '241748' } ]
24 silly addNameRange number 2 { name: 'nodemon', range: '', hasData: true }
25 silly addNameRange versions [ 'nodemon',
25 silly addNameRange   [ '0.1.4',
25 silly addNameRange     '0.1.5',
25 silly addNameRange     '0.1.6',
25 silly addNameRange     '0.1.7',
25 silly addNameRange     '0.1.8',
25 silly addNameRange     '0.2.0',
25 silly addNameRange     '0.2.1',
25 silly addNameRange     '0.2.2',
25 silly addNameRange     '0.3.0',
25 silly addNameRange     '0.3.1',
25 silly addNameRange     '0.3.2',
25 silly addNameRange     '0.4.0',
25 silly addNameRange     '0.4.1',
25 silly addNameRange     '0.5.0',
25 silly addNameRange     '0.5.1',
25 silly addNameRange     '0.5.2',
25 silly addNameRange     '0.5.3',
25 silly addNameRange     '0.5.4',
25 silly addNameRange     '0.5.5',
25 silly addNameRange     '0.5.6',
25 silly addNameRange     '0.5.7',
25 silly addNameRange     '0.6.0',
25 silly addNameRange     '0.6.1',
25 silly addNameRange     '0.6.2',
25 silly addNameRange     '0.6.3',
25 silly addNameRange     '0.6.4',
25 silly addNameRange     '0.6.5',
25 silly addNameRange     '0.6.6',
25 silly addNameRange     '0.6.7',
25 silly addNameRange     '0.6.8',
25 silly addNameRange     '0.6.9',
25 silly addNameRange     '0.6.10',
25 silly addNameRange     '0.6.10a',
25 silly addNameRange     '0.6.11',
25 silly addNameRange     '0.6.12',
25 silly addNameRange     '0.6.13',
25 silly addNameRange     '0.6.14',
25 silly addNameRange     '0.6.15',
25 silly addNameRange     '0.6.16',
25 silly addNameRange     '0.6.17',
25 silly addNameRange     '0.6.18',
25 silly addNameRange     '0.6.19',
25 silly addNameRange     '0.6.20',
25 silly addNameRange     '0.6.21',
25 silly addNameRange     '0.6.22',
25 silly addNameRange     '0.6.23',
25 silly addNameRange     '0.7.0',
25 silly addNameRange     '0.7.1',
25 silly addNameRange     '0.7.2',
25 silly addNameRange     '0.7.3' ] ]
26 verbose addNamed [ 'nodemon', '0.7.3' ]
27 verbose addNamed [ '0.7.3', '0.7.3' ]
28 silly lockFile c9719a67-nodemon-0-7-3 nodemon@0.7.3
29 verbose lock nodemon@0.7.3 /Users/Scott/.npm/c9719a67-nodemon-0-7-3.lock
30 silly lockFile 684b5908-js-org-nodemon-nodemon-0-7-3-tgz https://registry.npmjs.org/nodemon/-/nodemon-0.7.3.tgz
31 verbose lock https://registry.npmjs.org/nodemon/-/nodemon-0.7.3.tgz /Users/Scott/.npm/684b5908-js-org-nodemon-nodemon-0-7-3-tgz.lock
32 verbose addRemoteTarball [ 'https://registry.npmjs.org/nodemon/-/nodemon-0.7.3.tgz',
32 verbose addRemoteTarball   '03a655d59bdac52d79dc4de6dfb175f0a4e61e29' ]
33 info retry fetch attempt 1 at 00:22:26
34 verbose fetch to= /var/folders/0_/6zlh0q816kn_lzjfkwhmt7jh0000gn/T/npm-10499/1364185346907-0.9879287076182663/tmp.tgz
35 http GET https://registry.npmjs.org/nodemon/-/nodemon-0.7.3.tgz
36 http 200 https://registry.npmjs.org/nodemon/-/nodemon-0.7.3.tgz
37 silly shasum updated bytes 15232
38 info shasum 03a655d59bdac52d79dc4de6dfb175f0a4e61e29
38 info shasum /var/folders/0_/6zlh0q816kn_lzjfkwhmt7jh0000gn/T/npm-10499/1364185346907-0.9879287076182663/tmp.tgz
39 verbose tar unpack /var/folders/0_/6zlh0q816kn_lzjfkwhmt7jh0000gn/T/npm-10499/1364185346907-0.9879287076182663/tmp.tgz
40 silly lockFile 1339c7ec-46907-0-9879287076182663-package /var/folders/0_/6zlh0q816kn_lzjfkwhmt7jh0000gn/T/npm-10499/1364185346907-0.9879287076182663/package
41 verbose lock /var/folders/0_/6zlh0q816kn_lzjfkwhmt7jh0000gn/T/npm-10499/1364185346907-0.9879287076182663/package /Users/Scott/.npm/1339c7ec-46907-0-9879287076182663-package.lock
42 silly gunzTarPerm modes [ '755', '644' ]
43 silly gunzTarPerm extractEntry package.json
44 silly gunzTarPerm extractEntry .npmignore
45 silly gunzTarPerm extractEntry README.md
46 silly gunzTarPerm extractEntry nodemon.js
47 silly gunzTarPerm extractEntry .c9revisions/nodemon.js.c9save
48 silly gunzTarPerm extractEntry .c9revisions/package.json.c9save
49 silly gunzTarPerm extractEntry nodemonignore.example
50 verbose read json /var/folders/0_/6zlh0q816kn_lzjfkwhmt7jh0000gn/T/npm-10499/1364185346907-0.9879287076182663/package/package.json
51 silly lockFile 1339c7ec-46907-0-9879287076182663-package /var/folders/0_/6zlh0q816kn_lzjfkwhmt7jh0000gn/T/npm-10499/1364185346907-0.9879287076182663/package
52 verbose from cache /var/folders/0_/6zlh0q816kn_lzjfkwhmt7jh0000gn/T/npm-10499/1364185346907-0.9879287076182663/package/package.json
53 verbose tar pack [ '/Users/Scott/.npm/nodemon/0.7.3/package.tgz',
53 verbose tar pack   '/var/folders/0_/6zlh0q816kn_lzjfkwhmt7jh0000gn/T/npm-10499/1364185346907-0.9879287076182663/package' ]
54 verbose tarball /Users/Scott/.npm/nodemon/0.7.3/package.tgz
55 verbose folder /var/folders/0_/6zlh0q816kn_lzjfkwhmt7jh0000gn/T/npm-10499/1364185346907-0.9879287076182663/package
56 silly lockFile a2b0ffaa-tt-npm-nodemon-0-7-3-package-tgz /Users/Scott/.npm/nodemon/0.7.3/package.tgz
57 verbose lock /Users/Scott/.npm/nodemon/0.7.3/package.tgz /Users/Scott/.npm/a2b0ffaa-tt-npm-nodemon-0-7-3-package-tgz.lock
58 silly lockFile a2b0ffaa-tt-npm-nodemon-0-7-3-package-tgz /Users/Scott/.npm/nodemon/0.7.3/package.tgz
59 silly lockFile 85159f9e--Scott-npm-nodemon-0-7-3-package /Users/Scott/.npm/nodemon/0.7.3/package
60 verbose lock /Users/Scott/.npm/nodemon/0.7.3/package /Users/Scott/.npm/85159f9e--Scott-npm-nodemon-0-7-3-package.lock
61 silly lockFile 85159f9e--Scott-npm-nodemon-0-7-3-package /Users/Scott/.npm/nodemon/0.7.3/package
62 verbose tar unpack /Users/Scott/.npm/nodemon/0.7.3/package.tgz
63 silly lockFile 85159f9e--Scott-npm-nodemon-0-7-3-package /Users/Scott/.npm/nodemon/0.7.3/package
64 verbose lock /Users/Scott/.npm/nodemon/0.7.3/package /Users/Scott/.npm/85159f9e--Scott-npm-nodemon-0-7-3-package.lock
65 silly gunzTarPerm modes [ '755', '644' ]
66 silly gunzTarPerm extractEntry package.json
67 silly gunzTarPerm extractEntry .npmignore
68 silly gunzTarPerm extractEntry README.md
69 silly gunzTarPerm extractEntry nodemon.js
70 silly gunzTarPerm extractEntry .c9revisions/nodemon.js.c9save
71 silly gunzTarPerm extractEntry .c9revisions/package.json.c9save
72 silly gunzTarPerm extractEntry nodemonignore.example
73 verbose read json /Users/Scott/.npm/nodemon/0.7.3/package/package.json
74 silly lockFile 85159f9e--Scott-npm-nodemon-0-7-3-package /Users/Scott/.npm/nodemon/0.7.3/package
75 silly shasum updated bytes 15233
76 info shasum 688fbfcdfc560d5ab8c6143fb1f9629738150771
76 info shasum /Users/Scott/.npm/nodemon/0.7.3/package.tgz
77 verbose from cache /Users/Scott/.npm/nodemon/0.7.3/package/package.json
78 verbose chmod /Users/Scott/.npm/nodemon/0.7.3/package.tgz 644
79 verbose chown /Users/Scott/.npm/nodemon/0.7.3/package.tgz [ 501, 20 ]
80 silly lockFile 684b5908-js-org-nodemon-nodemon-0-7-3-tgz https://registry.npmjs.org/nodemon/-/nodemon-0.7.3.tgz
81 silly lockFile c9719a67-nodemon-0-7-3 nodemon@0.7.3
82 silly lockFile 4f5e51c6-nodemon nodemon@
83 silly resolved [ { name: 'nodemon',
83 silly resolved     homepage: 'http://github.com/remy/nodemon',
83 silly resolved     author: { name: 'Remy Sharp', url: 'http://github.com/remy' },
83 silly resolved     bin: { nodemon: './nodemon.js' },
83 silly resolved     repository: { type: 'git', url: 'http://github.com/remy/nodemon.git' },
83 silly resolved     description: 'Simple monitor script for use during development of a node.js app.',
83 silly resolved     keywords:
83 silly resolved      [ 'monitor',
83 silly resolved        'development',
83 silly resolved        'restart',
83 silly resolved        'autoload',
83 silly resolved        'reload',
83 silly resolved        'terminal' ],
83 silly resolved     version: '0.7.3',
83 silly resolved     preferGlobal: 'true',
83 silly resolved     licenses: [ [Object] ],
83 silly resolved     main: './nodemon',
83 silly resolved     readme: '# nodemon\n\nFor use during development of a node.js based application. \n\nnodemon will watch the files in the directory that nodemon was started, and if they change, it will automatically restart your node application.\n\nnodemon does **not** require *any* changes to your code or method of development. nodemon simply wraps your node application and keeps an eye on any files that have changed. Remember that nodemon is a replacement wrapper for `node`, think of it as replacing the word "node" on the command line when you run your script.\n\n# Installation\n\nEither through forking or by using [npm](http://npmjs.org) (the recommended way):\n\n    npm install nodemon -g\n    \nAnd nodemon will be installed in to your bin path. Note that as of npm v1, you must explicitly tell npm to install globally as nodemon is a command line utility.\n\n# Usage\n\nnodemon wraps your application, so you can pass all the arguments you would normally pass to your app:\n\n    nodemon [your node app]\n\nFor example, if my application accepted a host and port as the arguments, I would start it as so:\n\n    nodemon ./server.js localhost 8080\n\nAny output from this script is prefixed with `[nodemon]`, otherwise all output from your application, errors included, will be echoed out as expected.\n\nnodemon also supports running and monitoring [coffee-script](http://jashkenas.github.com/coffee-script/) apps:\n\n    nodemon server.coffee\n\nIf no script is given, nodemon will test for a `package.json` file and if found, will run the file associated with the *main* property ([ref](https://github.com/remy/nodemon/issues/14)).\n\nYou can also pass the debug flag to node through the command line as you would normally:\n\n    nodemon --debug ./server.js 80\n\nIf you have a `package.json` file for your app, you can omit the main script entirely and nodemon will read the `package.json` for the `main` property and use that value as the app.\n\n# Automatic re-running\n\nnodemon was original written to restart hanging processes such as web servers, but now supports apps that cleanly exit. If your script exits cleanly, nodemon will continue to monitor the directory (or directories) and restart the script if there are any changes.\n\n# Running non-node scripts\n\nnodemon can also be used to execute and monitor other programs. nodemon will read the file extension of the script being run and monitor that extension instead of .js if there\'s no .nodemonignore:\n\n    nodemon --exec "python -v" ./app.py\n\nNow nodemon will run `app.py` with python in verbose mode (note that if you\'re not passing args to the exec program, you don\'t need the quotes), and look for new or modified files with the `.py` extension.\n\n# Monitoring multiple directories\n\nBy default nodemon monitors the current working directory. If you want to take control of that option, use the `--watch` option to add specific paths:\n\n    nodemon --watch app --watch libs app/server.js\n\nNow nodemon will only restart if there are changes in the `./app` or `./libs` directory. By default nodemon will traverse sub-directories, so there\'s no need in explicitly including sub-directories.\n\n# Specifying extension watch list\n\nBy default, nodemon looks for files with the `.js` extension. If you use the `--exec` option and monitor `app.py` nodemon will monitor files with the extension of `.py`. However, you can specify your own list with the `-e` switch like so:\n\n    nodemon --ext \'.js|.css|.html\'\n    \nOr with alternative syntax:\n\n    nodemon -e js,css,html\n\nNow nodemon will restart on any changes to files in the directory (or subdirectories) with the extensions .js, .css or .html.\n\n# Delaying restarting\n\nIn some situations, you may want to wait until a number of files have changed. The timeout before checking for new file changes is 1 second. If you\'re uploading a number of files and it\'s taking some number of seconds, this could cause your app to restart multiple time unnecessarily.\n\nTo add an extra throttle, or delay restarting, use the `--delay` command:\n\n    nodemon --delay 10 server.js\n\nThe delay figure is number of seconds to delay before restarting. So nodemon will only restart your app the given number of seconds after the *last* file change.\n\n# Ignoring files\n\nBy default, if nodemon will only restart when a `.js` JavaScript file changes.  In some cases you will want to ignore some specific files, directories or file patterns, to prevent nodemon from prematurely restarting your application.\n\nYou can use the [example ignore file](http://github.com/remy/nodemon/blob/master/nodemonignore.example) (note that this example file is not hidden - you must rename it to `.nodemonignore`) as a basis for your nodemon, but it\'s very simple to create your own:\n\n    # this is my ignore file with a nice comment at the top\n    \n    /vendor/*     # ignore all external submodules\n    /public/*     # static files\n    ./README.md   # a specific file\n    *.css         # ignore any CSS files too\n    :(\\d)*\\.js    # monitor javascript files with only digits in their name\n\nThe ignore file accepts:\n\n* Comments starting with a `#` symbol\n* Blank lines\n* Specific files\n* File patterns (this is converted to a regex, so you have full control of the pattern)\n* Unescaped regex\'s begining with `:`.\n\n**Note** the `.nodemonignore` file is read from the directory you run nodemon from, *not* from the location of the node script you\'re running.\n\n# Controlling shutdown of your script\n\nnodemon sends a kill signal to your application when it sees a file update. If you need to clean up on shutdown inside your script you can capture the kill signal and handle it yourself.\n\nThe following example will listen once for the `SIGUSR2` signal (used by nodemon to restart), run the clean up process and then kill itself for nodemon to continue control:\n\n    process.once(\'SIGUSR2\', function () {\n      gracefulShutdown(function () {\n        process.kill(process.pid, \'SIGUSR2\'); \n      })\n    });\n\nNote that the `process.kill` is *only* called once your shutdown jobs are complete. Hat tip to [Benjie Gillam](http://www.benjiegillam.com/2011/08/node-js-clean-restart-and-faster-development-with-nodemon/) for writing technique this up.\n\n\n# Using nodemon with forever\n\nIf you\'re using nodemon with [forever](https://github.com/nodejitsu/forever) (perhaps in a production environment) you can combine the two together. This way if the script crashes, forever restarts the script, and if there are file changes, nodemon restarts your script. For more detail, see [issue 30](https://github.com/remy/nodemon/issues/30).\n\nTo acheive this you need to include the `--exitcrash` flag to ensure nodemon exits if the script crashes (or exits unexpectedly):\n\n    forever nodemon --exitcrash server.js\n\nTo test this, you can kill the server.js process and forever will restart it. If you `touch server.js` nodemon will restart it.\n\nNote that I *would not* recommend using nodemon in a production environment - but that\'s because I wouldn\'t want it restart without my explicit instruction.\n\n# Help! My changes aren\'t being detected!\n\nnodemon has three potential methods it uses to look for file changes. First, it polls using the find command to search for files modified within the last second. This method works on systems with a BSD based find (Mac, for example). \n\nNext it tries using node\'s fs.watch. fs.watch will not always work however, and nodemon will try and detect if this is the case by writing a file to the tmp directory and seeing if fs.watch is triggered when it\'s removed. If nodemon finds that fs.watch was not triggered, it will then fall back to the third method (called legacy watch), which works by statting each file in your working directory looking for changes to the last modified time. This is the most cpu intensive method, but it may be the only option on some systems.\n\nIn certain cases, like when where you are working on a different drive than your tmp directory is on, fs.watch may give you a false positive. You can force nodemon to start using the most compatible legacy method by passing the -L switch, e.g. `nodemon -L /my/odd/file.js`.\n\n# License\n\nMIT [http://rem.mit-license.org](http://rem.mit-license.org)\n',
83 silly resolved     readmeFilename: 'README.md',
83 silly resolved     _id: 'nodemon@0.7.3',
83 silly resolved     dist: { shasum: '688fbfcdfc560d5ab8c6143fb1f9629738150771' },
83 silly resolved     _from: 'nodemon@',
83 silly resolved     _resolved: 'https://registry.npmjs.org/nodemon/-/nodemon-0.7.3.tgz' } ]
84 info install nodemon@0.7.3 into /usr/local/lib
85 info installOne nodemon@0.7.3
86 verbose from cache /Users/Scott/.npm/nodemon/0.7.3/package/package.json
87 info /usr/local/lib/node_modules/nodemon unbuild
88 verbose read json /usr/local/lib/node_modules/nodemon/package.json
89 verbose tar unpack /Users/Scott/.npm/nodemon/0.7.3/package.tgz
90 silly lockFile 49f7ed19-r-local-lib-node-modules-nodemon /usr/local/lib/node_modules/nodemon
91 verbose lock /usr/local/lib/node_modules/nodemon /Users/Scott/.npm/49f7ed19-r-local-lib-node-modules-nodemon.lock
92 silly gunzTarPerm modes [ '755', '644' ]
93 error Error: EACCES, mkdir '/usr/local/lib/node_modules/nodemon'
93 error  { [Error: EACCES, mkdir '/usr/local/lib/node_modules/nodemon']
93 error   errno: 3,
93 error   code: 'EACCES',
93 error   path: '/usr/local/lib/node_modules/nodemon',
93 error   fstream_type: 'Directory',
93 error   fstream_path: '/usr/local/lib/node_modules/nodemon',
93 error   fstream_class: 'DirWriter',
93 error   fstream_stack:
93 error    [ 'DirWriter._create (/usr/local/lib/node_modules/npm/node_modules/fstream/lib/dir-writer.js:36:23)',
93 error      '/usr/local/lib/node_modules/npm/node_modules/mkdirp/index.js:37:53',
93 error      'Object.oncomplete (fs.js:297:15)' ] }
94 error Please try running this command again as root/Administrator.
95 error System Darwin 12.2.0
96 error command "node" "/usr/local/bin/npm" "install" "nodemon" "-g"
97 error cwd /Users/Scott/Desktop/weather_scroll
98 error node -v v0.8.18
99 error npm -v 1.2.2
100 error path /usr/local/lib/node_modules/nodemon
101 error fstream_path /usr/local/lib/node_modules/nodemon
102 error fstream_type Directory
103 error fstream_class DirWriter
104 error code EACCES
105 error errno 3
106 error stack Error: EACCES, mkdir '/usr/local/lib/node_modules/nodemon'
107 error fstream_stack DirWriter._create (/usr/local/lib/node_modules/npm/node_modules/fstream/lib/dir-writer.js:36:23)
107 error fstream_stack /usr/local/lib/node_modules/npm/node_modules/mkdirp/index.js:37:53
107 error fstream_stack Object.oncomplete (fs.js:297:15)
108 verbose exit [ 3, true ]
